<?xml version="1.0" encoding="UTF-8"?>
<!-- Generated by org.testng.reporters.JUnitReportReporter -->
<testsuite skipped="0" hostname="DESKTOP-UVEVA0A" name="com.actitime.tests.TC_HomeTest" tests="1" failures="0" timestamp="2020-04-23T09:12:52 IST" time="23.110" errors="0">
  <testcase name="click" time="23.110" classname="com.actitime.tests.TC_HomeTest"/>
</testsuite> <!-- com.actitime.tests.TC_HomeTest -->
