<?xml version="1.0" encoding="UTF-8"?>
<!-- Generated by org.testng.reporters.JUnitReportReporter -->
<testsuite skipped="0" hostname="DESKTOP-UVEVA0A" name="com.actitime.tests.TC_LoginTest_001" tests="1" failures="0" timestamp="2020-04-19T18:11:44 IST" time="18.831" errors="0">
  <testcase name="loginTest" time="18.831" classname="com.actitime.tests.TC_LoginTest_001"/>
</testsuite> <!-- com.actitime.tests.TC_LoginTest_001 -->
